{"C:\\Users\\popva\\Desktop\\devops-exam-2024\\src\\services\\validations.js": {"path":"C:\\Users\\popva\\Desktop\\devops-exam-2024\\src\\services\\validations.js","statementMap":{"0":{"start":{"line":2,"column":16},"end":{"line":20,"column":1}},"1":{"start":{"line":3,"column":4},"end":{"line":5,"column":5}},"2":{"start":{"line":4,"column":8},"end":{"line":4,"column":73}},"3":{"start":{"line":7,"column":30},"end":{"line":7,"column":65}},"4":{"start":{"line":8,"column":32},"end":{"line":8,"column":87}},"5":{"start":{"line":8,"column":63},"end":{"line":8,"column":86}},"6":{"start":{"line":10,"column":4},"end":{"line":12,"column":5}},"7":{"start":{"line":11,"column":8},"end":{"line":11,"column":78}},"8":{"start":{"line":14,"column":22},"end":{"line":14,"column":41}},"9":{"start":{"line":15,"column":4},"end":{"line":17,"column":5}},"10":{"start":{"line":16,"column":8},"end":{"line":16,"column":67}},"11":{"start":{"line":19,"column":4},"end":{"line":19,"column":16}},"12":{"start":{"line":22,"column":0},"end":{"line":22,"column":29}}},"fnMap":{"0":{"name":"(anonymous_0)","decl":{"start":{"line":2,"column":16},"end":{"line":2,"column":17}},"loc":{"start":{"line":2,"column":30},"end":{"line":20,"column":1}},"line":2},"1":{"name":"(anonymous_1)","decl":{"start":{"line":8,"column":55},"end":{"line":8,"column":56}},"loc":{"start":{"line":8,"column":63},"end":{"line":8,"column":86}},"line":8}},"branchMap":{"0":{"loc":{"start":{"line":3,"column":4},"end":{"line":5,"column":5}},"type":"if","locations":[{"start":{"line":3,"column":4},"end":{"line":5,"column":5}},{"start":{},"end":{}}],"line":3},"1":{"loc":{"start":{"line":10,"column":4},"end":{"line":12,"column":5}},"type":"if","locations":[{"start":{"line":10,"column":4},"end":{"line":12,"column":5}},{"start":{},"end":{}}],"line":10},"2":{"loc":{"start":{"line":15,"column":4},"end":{"line":17,"column":5}},"type":"if","locations":[{"start":{"line":15,"column":4},"end":{"line":17,"column":5}},{"start":{},"end":{}}],"line":15}},"s":{"0":1,"1":4,"2":1,"3":3,"4":3,"5":9,"6":3,"7":1,"8":2,"9":2,"10":1,"11":1,"12":1},"f":{"0":4,"1":9},"b":{"0":[1,3],"1":[1,2],"2":[1,1]},"_coverageSchema":"1a1c01bbd47fc00a2c39e90264f33305004495a9","hash":"8ef6a69a91ee069701e8ca1af9893093c390d68e"}
}
